This file contains any messages produced by compilers while
running configure, to aid debugging if configure makes a mistake.

It was created by TOPCOM configure 0.17.8, which was
generated by GNU Autoconf 2.69.  Invocation command line was

  $ ./configure 

## --------- ##
## Platform. ##
## --------- ##

hostname = kliem-ThinkPad-L570
uname -m = x86_64
uname -r = 5.4.0-91-generic
uname -s = Linux
uname -v = #102-Ubuntu SMP Fri Nov 5 16:31:28 UTC 2021

/usr/bin/uname -p = unknown
/bin/uname -X     = unknown

/bin/arch              = unknown
/usr/bin/arch -k       = unknown
/usr/convex/getsysinfo = unknown
/usr/bin/hostinfo      = unknown
/bin/machine           = unknown
/usr/bin/oslevel       = unknown
/bin/universe          = unknown

PATH: /home/jonathan/bin
PATH: /usr/local/sbin
PATH: /usr/local/bin
PATH: /usr/sbin
PATH: /usr/bin
PATH: /sbin
PATH: /bin
PATH: /usr/games
PATH: /usr/local/games
PATH: /snap/bin
PATH: /usr/lib/jvm/java-11-oracle/bin
PATH: /usr/lib/jvm/java-11-oracle/db/bin
PATH: /home/jonathan/.local/bin


## ----------- ##
## Core tests. ##
## ----------- ##

configure:2322: checking for a BSD-compatible install
configure:2390: result: /usr/bin/install -c
configure:2401: checking whether build environment is sane
configure:2456: result: yes
configure:2605: checking for a thread-safe mkdir -p
configure:2644: result: /bin/mkdir -p
configure:2651: checking for gawk
configure:2667: found /usr/bin/gawk
configure:2678: result: gawk
configure:2689: checking whether make -j4 sets $(MAKE)
configure:2711: result: yes
configure:2740: checking whether make -j4 supports nested variables
configure:2757: result: yes
configure:2933: checking for gcc
configure:2949: found /usr/bin/gcc
configure:2960: result: gcc
configure:3189: checking for C compiler version
configure:3198: gcc --version >&5
gcc (Ubuntu 9.3.0-17ubuntu1~20.04) 9.3.0
Copyright (C) 2019 Free Software Foundation, Inc.
This is free software; see the source for copying conditions.  There is NO
warranty; not even for MERCHANTABILITY or FITNESS FOR A PARTICULAR PURPOSE.

configure:3209: $? = 0
configure:3198: gcc -v >&5
Using built-in specs.
COLLECT_GCC=gcc
COLLECT_LTO_WRAPPER=/usr/lib/gcc/x86_64-linux-gnu/9/lto-wrapper
OFFLOAD_TARGET_NAMES=nvptx-none:hsa
OFFLOAD_TARGET_DEFAULT=1
Target: x86_64-linux-gnu
Configured with: ../src/configure -v --with-pkgversion='Ubuntu 9.3.0-17ubuntu1~20.04' --with-bugurl=file:///usr/share/doc/gcc-9/README.Bugs --enable-languages=c,ada,c++,go,brig,d,fortran,objc,obj-c++,gm2 --prefix=/usr --with-gcc-major-version-only --program-suffix=-9 --program-prefix=x86_64-linux-gnu- --enable-shared --enable-linker-build-id --libexecdir=/usr/lib --without-included-gettext --enable-threads=posix --libdir=/usr/lib --enable-nls --enable-clocale=gnu --enable-libstdcxx-debug --enable-libstdcxx-time=yes --with-default-libstdcxx-abi=new --enable-gnu-unique-object --disable-vtable-verify --enable-plugin --enable-default-pie --with-system-zlib --with-target-system-zlib=auto --enable-objc-gc=auto --enable-multiarch --disable-werror --with-arch-32=i686 --with-abi=m64 --with-multilib-list=m32,m64,mx32 --enable-multilib --with-tune=generic --enable-offload-targets=nvptx-none=/build/gcc-9-HskZEa/gcc-9-9.3.0/debian/tmp-nvptx/usr,hsa --without-cuda-driver --enable-checking=release --build=x86_64-linux-gnu --host=x86_64-linux-gnu --target=x86_64-linux-gnu
Thread model: posix
gcc version 9.3.0 (Ubuntu 9.3.0-17ubuntu1~20.04) 
configure:3209: $? = 0
configure:3198: gcc -V >&5
gcc: error: unrecognized command line option '-V'
gcc: fatal error: no input files
compilation terminated.
configure:3209: $? = 1
configure:3198: gcc -qversion >&5
gcc: error: unrecognized command line option '-qversion'; did you mean '--version'?
gcc: fatal error: no input files
compilation terminated.
configure:3209: $? = 1
configure:3229: checking whether the C compiler works
configure:3251: gcc -march=native -O3   conftest.c  >&5
configure:3255: $? = 0
configure:3303: result: yes
configure:3306: checking for C compiler default output file name
configure:3308: result: a.out
configure:3314: checking for suffix of executables
configure:3321: gcc -o conftest -march=native -O3   conftest.c  >&5
configure:3325: $? = 0
configure:3347: result: 
configure:3369: checking whether we are cross compiling
configure:3377: gcc -o conftest -march=native -O3   conftest.c  >&5
configure:3381: $? = 0
configure:3388: ./conftest
configure:3392: $? = 0
configure:3380: result: no
configure:3385: checking for suffix of object files
configure:3407: gcc -c -march=native -O3  conftest.c >&5
configure:3411: $? = 0
configure:3432: result: o
configure:3436: checking whether we are using the GNU C compiler
configure:3455: gcc -c -march=native -O3  conftest.c >&5
configure:3455: $? = 0
configure:3464: result: yes
configure:3473: checking whether gcc accepts -g
configure:3493: gcc -c -g  conftest.c >&5
configure:3493: $? = 0
configure:3534: result: yes
configure:3551: checking for gcc option to accept ISO C89
configure:3614: gcc  -c -march=native -O3  conftest.c >&5
configure:3614: $? = 0
configure:3627: result: none needed
configure:3652: checking whether gcc understands -c and -o together
configure:3674: gcc -c conftest.c -o conftest2.o
configure:3677: $? = 0
configure:3674: gcc -c conftest.c -o conftest2.o
configure:3677: $? = 0
configure:3689: result: yes
configure:3709: checking whether make -j4 supports the include directive
configure:3724: make -j4 -f confmf.GNU && cat confinc.out
this is the am__doit target
configure:3727: $? = 0
configure:3746: result: yes (GNU style)
configure:3771: checking dependency style of gcc
configure:3882: result: gcc3
configure:3955: checking for g++
configure:3971: found /usr/bin/g++
configure:3982: result: g++
configure:4009: checking for C++ compiler version
configure:4018: g++ --version >&5
g++ (Ubuntu 9.3.0-17ubuntu1~20.04) 9.3.0
Copyright (C) 2019 Free Software Foundation, Inc.
This is free software; see the source for copying conditions.  There is NO
warranty; not even for MERCHANTABILITY or FITNESS FOR A PARTICULAR PURPOSE.

configure:4029: $? = 0
configure:4018: g++ -v >&5
Using built-in specs.
COLLECT_GCC=g++
COLLECT_LTO_WRAPPER=/usr/lib/gcc/x86_64-linux-gnu/9/lto-wrapper
OFFLOAD_TARGET_NAMES=nvptx-none:hsa
OFFLOAD_TARGET_DEFAULT=1
Target: x86_64-linux-gnu
Configured with: ../src/configure -v --with-pkgversion='Ubuntu 9.3.0-17ubuntu1~20.04' --with-bugurl=file:///usr/share/doc/gcc-9/README.Bugs --enable-languages=c,ada,c++,go,brig,d,fortran,objc,obj-c++,gm2 --prefix=/usr --with-gcc-major-version-only --program-suffix=-9 --program-prefix=x86_64-linux-gnu- --enable-shared --enable-linker-build-id --libexecdir=/usr/lib --without-included-gettext --enable-threads=posix --libdir=/usr/lib --enable-nls --enable-clocale=gnu --enable-libstdcxx-debug --enable-libstdcxx-time=yes --with-default-libstdcxx-abi=new --enable-gnu-unique-object --disable-vtable-verify --enable-plugin --enable-default-pie --with-system-zlib --with-target-system-zlib=auto --enable-objc-gc=auto --enable-multiarch --disable-werror --with-arch-32=i686 --with-abi=m64 --with-multilib-list=m32,m64,mx32 --enable-multilib --with-tune=generic --enable-offload-targets=nvptx-none=/build/gcc-9-HskZEa/gcc-9-9.3.0/debian/tmp-nvptx/usr,hsa --without-cuda-driver --enable-checking=release --build=x86_64-linux-gnu --host=x86_64-linux-gnu --target=x86_64-linux-gnu
Thread model: posix
gcc version 9.3.0 (Ubuntu 9.3.0-17ubuntu1~20.04) 
configure:4029: $? = 0
configure:4018: g++ -V >&5
g++: error: unrecognized command line option '-V'
g++: fatal error: no input files
compilation terminated.
configure:4029: $? = 1
configure:4018: g++ -qversion >&5
g++: error: unrecognized command line option '-qversion'; did you mean '--version'?
g++: fatal error: no input files
compilation terminated.
configure:4029: $? = 1
configure:4033: checking whether we are using the GNU C++ compiler
configure:4052: g++ -c   conftest.cpp >&5
configure:4052: $? = 0
configure:4061: result: yes
configure:4070: checking whether g++ accepts -g
configure:4090: g++ -c -g  conftest.cpp >&5
configure:4090: $? = 0
configure:4131: result: yes
configure:4156: checking dependency style of g++
configure:4267: result: gcc3
configure:4312: checking build system type
configure:4326: result: x86_64-pc-linux-gnu
configure:4346: checking host system type
configure:4359: result: x86_64-pc-linux-gnu
configure:4400: checking how to print strings
configure:4427: result: printf
configure:4448: checking for a sed that does not truncate output
configure:4512: result: /bin/sed
configure:4530: checking for grep that handles long lines and -e
configure:4588: result: /bin/grep
configure:4593: checking for egrep
configure:4655: result: /bin/grep -E
configure:4660: checking for fgrep
configure:4722: result: /bin/grep -F
configure:4757: checking for ld used by gcc
configure:4824: result: /usr/bin/ld
configure:4831: checking if the linker (/usr/bin/ld) is GNU ld
configure:4846: result: yes
configure:4858: checking for BSD- or MS-compatible name lister (nm)
configure:4912: result: /usr/bin/nm -B
configure:5042: checking the name lister (/usr/bin/nm -B) interface
configure:5049: gcc -c -march=native -O3  conftest.c >&5
configure:5052: /usr/bin/nm -B "conftest.o"
configure:5055: output
0000000000000000 B some_variable
configure:5056: result: BSD nm
configure:5059: checking whether ln -s works
configure:5063: result: yes
configure:5071: checking the maximum length of command line arguments
configure:5202: result: 1572864
configure:5250: checking how to convert x86_64-pc-linux-gnu file names to x86_64-pc-linux-gnu format
configure:5290: result: func_convert_file_noop
configure:5297: checking how to convert x86_64-pc-linux-gnu file names to toolchain format
configure:5317: result: func_convert_file_noop
configure:5324: checking for /usr/bin/ld option to reload object files
configure:5331: result: -r
configure:5405: checking for objdump
configure:5421: found /usr/bin/objdump
configure:5432: result: objdump
configure:5464: checking how to recognize dependent libraries
configure:5664: result: pass_all
configure:5749: checking for dlltool
configure:5779: result: no
configure:5809: checking how to associate runtime and link libraries
configure:5836: result: printf %s\n
configure:5897: checking for ar
configure:5913: found /usr/bin/ar
configure:5924: result: ar
configure:5961: checking for archiver @FILE support
configure:5978: gcc -c -march=native -O3  conftest.c >&5
configure:5978: $? = 0
configure:5981: ar cr libconftest.a @conftest.lst >&5
configure:5984: $? = 0
configure:5989: ar cr libconftest.a @conftest.lst >&5
ar: conftest.o: No such file or directory
configure:5992: $? = 1
configure:5991: result: @
configure:6049: checking for strip
configure:6065: found /usr/bin/strip
configure:6076: result: strip
configure:6148: checking for ranlib
configure:6164: found /usr/bin/ranlib
configure:6175: result: ranlib
configure:6277: checking command to parse /usr/bin/nm -B output from gcc object
configure:6430: gcc -c -march=native -O3  conftest.c >&5
configure:6433: $? = 0
configure:6437: /usr/bin/nm -B conftest.o | sed -n -e 's/^.*[	 ]\([ABCDGIRSTW][ABCDGIRSTW]*\)[	 ][	 ]*\([_A-Za-z][_A-Za-z0-9]*\)$/\1 \2 \2/p' | sed '/ __gnu_lto/d' > conftest.nm
configure:6503: gcc -o conftest -march=native -O3   conftest.c conftstm.o >&5
configure:6506: $? = 0
configure:6544: result: ok
configure:6591: checking for sysroot
configure:6621: result: no
configure:6628: checking for a working dd
configure:6666: result: /bin/dd
configure:6670: checking how to truncate binary pipes
configure:6685: result: /bin/dd bs=4096 count=1
configure:6821: gcc -c -march=native -O3  conftest.c >&5
configure:6824: $? = 0
configure:7014: checking for mt
configure:7030: found /bin/mt
configure:7041: result: mt
configure:7064: checking if mt is a manifest tool
configure:7070: mt '-?'
configure:7078: result: no
configure:7755: checking how to run the C preprocessor
configure:7786: gcc -E  conftest.c
configure:7786: $? = 0
configure:7800: gcc -E  conftest.c
conftest.c:11:10: fatal error: ac_nonexistent.h: No such file or directory
   11 | #include <ac_nonexistent.h>
      |          ^~~~~~~~~~~~~~~~~~
compilation terminated.
configure:7800: $? = 1
configure: failed program was:
| /* confdefs.h */
| #define PACKAGE_NAME "TOPCOM"
| #define PACKAGE_TARNAME "topcom"
| #define PACKAGE_VERSION "0.17.8"
| #define PACKAGE_STRING "TOPCOM 0.17.8"
| #define PACKAGE_BUGREPORT ""
| #define PACKAGE_URL ""
| #define PACKAGE "topcom"
| #define VERSION "0.17.8"
| /* end confdefs.h.  */
| #include <ac_nonexistent.h>
configure:7825: result: gcc -E
configure:7845: gcc -E  conftest.c
configure:7845: $? = 0
configure:7859: gcc -E  conftest.c
conftest.c:11:10: fatal error: ac_nonexistent.h: No such file or directory
   11 | #include <ac_nonexistent.h>
      |          ^~~~~~~~~~~~~~~~~~
compilation terminated.
configure:7859: $? = 1
configure: failed program was:
| /* confdefs.h */
| #define PACKAGE_NAME "TOPCOM"
| #define PACKAGE_TARNAME "topcom"
| #define PACKAGE_VERSION "0.17.8"
| #define PACKAGE_STRING "TOPCOM 0.17.8"
| #define PACKAGE_BUGREPORT ""
| #define PACKAGE_URL ""
| #define PACKAGE "topcom"
| #define VERSION "0.17.8"
| /* end confdefs.h.  */
| #include <ac_nonexistent.h>
configure:7888: checking for ANSI C header files
configure:7908: gcc -c -march=native -O3  conftest.c >&5
configure:7908: $? = 0
configure:7981: gcc -o conftest -march=native -O3   conftest.c  >&5
configure:7981: $? = 0
configure:7981: ./conftest
configure:7981: $? = 0
configure:7992: result: yes
configure:8005: checking for sys/types.h
configure:8005: gcc -c -march=native -O3  conftest.c >&5
configure:8005: $? = 0
configure:8005: result: yes
configure:8005: checking for sys/stat.h
configure:8005: gcc -c -march=native -O3  conftest.c >&5
configure:8005: $? = 0
configure:8005: result: yes
configure:8005: checking for stdlib.h
configure:8005: gcc -c -march=native -O3  conftest.c >&5
configure:8005: $? = 0
configure:8005: result: yes
configure:8005: checking for string.h
configure:8005: gcc -c -march=native -O3  conftest.c >&5
configure:8005: $? = 0
configure:8005: result: yes
configure:8005: checking for memory.h
configure:8005: gcc -c -march=native -O3  conftest.c >&5
configure:8005: $? = 0
configure:8005: result: yes
configure:8005: checking for strings.h
configure:8005: gcc -c -march=native -O3  conftest.c >&5
configure:8005: $? = 0
configure:8005: result: yes
configure:8005: checking for inttypes.h
configure:8005: gcc -c -march=native -O3  conftest.c >&5
configure:8005: $? = 0
configure:8005: result: yes
configure:8005: checking for stdint.h
configure:8005: gcc -c -march=native -O3  conftest.c >&5
configure:8005: $? = 0
configure:8005: result: yes
configure:8005: checking for unistd.h
configure:8005: gcc -c -march=native -O3  conftest.c >&5
configure:8005: $? = 0
configure:8005: result: yes
configure:8019: checking for dlfcn.h
configure:8019: gcc -c -march=native -O3  conftest.c >&5
configure:8019: $? = 0
configure:8019: result: yes
configure:8286: checking for objdir
configure:8301: result: .libs
configure:8565: checking if gcc supports -fno-rtti -fno-exceptions
configure:8583: gcc -c -march=native -O3  -fno-rtti -fno-exceptions conftest.c >&5
cc1: warning: command line option '-fno-rtti' is valid for C++/D/ObjC++ but not for C
configure:8587: $? = 0
configure:8600: result: no
configure:8964: checking for gcc option to produce PIC
configure:8971: result: -fPIC -DPIC
configure:8979: checking if gcc PIC flag -fPIC -DPIC works
configure:8997: gcc -c -march=native -O3  -fPIC -DPIC -DPIC conftest.c >&5
configure:9001: $? = 0
configure:9014: result: yes
configure:9043: checking if gcc static flag -static works
configure:9071: result: yes
configure:9086: checking if gcc supports -c -o file.o
configure:9107: gcc -c -march=native -O3  -o out/conftest2.o conftest.c >&5
configure:9111: $? = 0
configure:9133: result: yes
configure:9141: checking if gcc supports -c -o file.o
configure:9188: result: yes
configure:9221: checking whether the gcc linker (/usr/bin/ld -m elf_x86_64) supports shared libraries
configure:10484: result: yes
configure:10521: checking whether -lc should be explicitly linked in
configure:10529: gcc -c -march=native -O3  conftest.c >&5
configure:10532: $? = 0
configure:10547: gcc -shared  -fPIC -DPIC conftest.o  -v -Wl,-soname -Wl,conftest -o conftest 2\>\&1 \| /bin/grep  -lc  \>/dev/null 2\>\&1
configure:10550: $? = 0
configure:10564: result: no
configure:10724: checking dynamic linker characteristics
configure:11305: gcc -o conftest -march=native -O3   -Wl,-rpath -Wl,/foo conftest.c  >&5
configure:11305: $? = 0
configure:11554: result: GNU/Linux ld.so
configure:11676: checking how to hardcode library paths into programs
configure:11701: result: immediate
configure:12249: checking whether stripping libraries is possible
configure:12254: result: yes
configure:12289: checking if libtool supports shared libraries
configure:12291: result: yes
configure:12294: checking whether to build shared libraries
configure:12319: result: yes
configure:12322: checking whether to build static libraries
configure:12326: result: yes
configure:9125: checking how to run the C++ preprocessor
configure:9152: g++ -E  conftest.cpp
configure:9152: $? = 0
configure:9166: g++ -E  conftest.cpp
conftest.cpp:23:10: fatal error: ac_nonexistent.h: No such file or directory
   23 | #include <ac_nonexistent.h>
      |          ^~~~~~~~~~~~~~~~~~
compilation terminated.
configure:9166: $? = 1
configure: failed program was:
| /* confdefs.h */
| #define PACKAGE_NAME "TOPCOM"
| #define PACKAGE_TARNAME "topcom"
| #define PACKAGE_VERSION "0.17.8"
| #define PACKAGE_STRING "TOPCOM 0.17.8"
| #define PACKAGE_BUGREPORT ""
| #define PACKAGE_URL ""
| #define PACKAGE "topcom"
| #define VERSION "0.17.8"
| #define STDC_HEADERS 1
| #define HAVE_SYS_TYPES_H 1
| #define HAVE_SYS_STAT_H 1
| #define HAVE_STDLIB_H 1
| #define HAVE_STRING_H 1
| #define HAVE_MEMORY_H 1
| #define HAVE_STRINGS_H 1
| #define HAVE_INTTYPES_H 1
| #define HAVE_STDINT_H 1
| #define HAVE_UNISTD_H 1
| #define HAVE_DLFCN_H 1
| #define LT_OBJDIR ".libs/"
| /* end confdefs.h.  */
| #include <ac_nonexistent.h>
configure:9191: result: g++ -E
configure:9211: g++ -E  conftest.cpp
configure:9211: $? = 0
configure:9225: g++ -E  conftest.cpp
conftest.cpp:23:10: fatal error: ac_nonexistent.h: No such file or directory
   23 | #include <ac_nonexistent.h>
      |          ^~~~~~~~~~~~~~~~~~
compilation terminated.
configure:9225: $? = 1
configure: failed program was:
| /* confdefs.h */
| #define PACKAGE_NAME "TOPCOM"
| #define PACKAGE_TARNAME "topcom"
| #define PACKAGE_VERSION "0.17.8"
| #define PACKAGE_STRING "TOPCOM 0.17.8"
| #define PACKAGE_BUGREPORT ""
| #define PACKAGE_URL ""
| #define PACKAGE "topcom"
| #define VERSION "0.17.8"
| #define STDC_HEADERS 1
| #define HAVE_SYS_TYPES_H 1
| #define HAVE_SYS_STAT_H 1
| #define HAVE_STDLIB_H 1
| #define HAVE_STRING_H 1
| #define HAVE_MEMORY_H 1
| #define HAVE_STRINGS_H 1
| #define HAVE_INTTYPES_H 1
| #define HAVE_STDINT_H 1
| #define HAVE_UNISTD_H 1
| #define HAVE_DLFCN_H 1
| #define LT_OBJDIR ".libs/"
| /* end confdefs.h.  */
| #include <ac_nonexistent.h>
configure:9387: checking for ld used by g++
configure:9454: result: /usr/bin/ld -m elf_x86_64
configure:9461: checking if the linker (/usr/bin/ld -m elf_x86_64) is GNU ld
configure:9476: result: yes
configure:9531: checking whether the g++ linker (/usr/bin/ld -m elf_x86_64) supports shared libraries
configure:10604: result: yes
configure:10640: g++ -c -g -O2  conftest.cpp >&5
configure:10643: $? = 0
configure:11124: checking for g++ option to produce PIC
configure:11131: result: -fPIC -DPIC
configure:11139: checking if g++ PIC flag -fPIC -DPIC works
configure:11157: g++ -c -g -O2  -fPIC -DPIC -DPIC conftest.cpp >&5
configure:11161: $? = 0
configure:11174: result: yes
configure:11197: checking if g++ static flag -static works
configure:11225: result: yes
configure:11237: checking if g++ supports -c -o file.o
configure:11258: g++ -c -g -O2  -o out/conftest2.o conftest.cpp >&5
configure:11262: $? = 0
configure:11284: result: yes
configure:11289: checking if g++ supports -c -o file.o
configure:11336: result: yes
configure:11366: checking whether the g++ linker (/usr/bin/ld -m elf_x86_64) supports shared libraries
configure:11409: result: yes
configure:11550: checking dynamic linker characteristics
configure:12307: result: GNU/Linux ld.so
configure:12372: checking how to hardcode library paths into programs
configure:12397: result: immediate
configure:11290: checking for ANSI C header files
configure:11394: result: yes
configure:11403: checking for an ANSI C-conforming const
configure:11469: gcc -c -march=native -O3  conftest.c >&5
configure:11469: $? = 0
configure:11476: result: yes
configure:11493: checking for __gmpz_init in -lgmp
configure:11518: gcc -o conftest -march=native -O3   conftest.c -lgmp   >&5
configure:11518: $? = 0
configure:11527: result: yes
configure:11683: result: not found
configure:12092: checking that generated files are newer than configure
configure:12098: result: done
configure:12133: creating ./config.status

## ---------------------- ##
## Running config.status. ##
## ---------------------- ##

This file was extended by TOPCOM config.status 0.17.8, which was
generated by GNU Autoconf 2.69.  Invocation command line was

  CONFIG_FILES    = 
  CONFIG_HEADERS  = 
  CONFIG_LINKS    = 
  CONFIG_COMMANDS = 
  $ ./config.status 

on kliem-ThinkPad-L570

config.status:1078: creating lib-src/Makefile
config.status:1078: creating lib-src-reg/Makefile
config.status:1078: creating src/Makefile
config.status:1078: creating src-reg/Makefile
config.status:1078: creating examples/Makefile
config.status:1078: creating wrap-gmp-gmpxx/Makefile
config.status:1078: creating Makefile
config.status:1250: executing depfiles commands
config.status:1327: cd lib-src       && sed -e '/# am--include-marker/d' Makefile         | make -j4 -f - am--depfiles
config.status:1332: $? = 0
config.status:1327: cd lib-src-reg       && sed -e '/# am--include-marker/d' Makefile         | make -j4 -f - am--depfiles
config.status:1332: $? = 0
config.status:1327: cd src       && sed -e '/# am--include-marker/d' Makefile         | make -j4 -f - am--depfiles
config.status:1332: $? = 0
config.status:1327: cd src-reg       && sed -e '/# am--include-marker/d' Makefile         | make -j4 -f - am--depfiles
config.status:1332: $? = 0
config.status:1250: executing libtool commands

## ---------------- ##
## Cache variables. ##
## ---------------- ##

ac_cv_build=x86_64-pc-linux-gnu
ac_cv_c_compiler_gnu=yes
ac_cv_c_const=yes
ac_cv_cxx_compiler_gnu=yes
ac_cv_env_CCC_set=
ac_cv_env_CCC_value=
ac_cv_env_CC_set=
ac_cv_env_CC_value=
ac_cv_env_CFLAGS_set=set
ac_cv_env_CFLAGS_value='-march=native -O3'
ac_cv_env_CPPFLAGS_set=
ac_cv_env_CPPFLAGS_value=
ac_cv_env_CPP_set=
ac_cv_env_CPP_value=
ac_cv_env_CXXCPP_set=
ac_cv_env_CXXCPP_value=
ac_cv_env_CXXFLAGS_set=
ac_cv_env_CXXFLAGS_value=
ac_cv_env_CXX_set=
ac_cv_env_CXX_value=
ac_cv_env_LDFLAGS_set=
ac_cv_env_LDFLAGS_value=
ac_cv_env_LIBS_set=
ac_cv_env_LIBS_value=
ac_cv_env_LT_SYS_LIBRARY_PATH_set=
ac_cv_env_LT_SYS_LIBRARY_PATH_value=
ac_cv_env_build_alias_set=
ac_cv_env_build_alias_value=
ac_cv_env_host_alias_set=
ac_cv_env_host_alias_value=
ac_cv_env_target_alias_set=
ac_cv_env_target_alias_value=
ac_cv_header_dlfcn_h=yes
ac_cv_header_inttypes_h=yes
ac_cv_header_memory_h=yes
ac_cv_header_stdc=yes
ac_cv_header_stdint_h=yes
ac_cv_header_stdlib_h=yes
ac_cv_header_string_h=yes
ac_cv_header_strings_h=yes
ac_cv_header_sys_stat_h=yes
ac_cv_header_sys_types_h=yes
ac_cv_header_unistd_h=yes
ac_cv_host=x86_64-pc-linux-gnu
ac_cv_lib_gmp___gmpz_init=yes
ac_cv_objext=o
ac_cv_path_EGREP='/bin/grep -E'
ac_cv_path_FGREP='/bin/grep -F'
ac_cv_path_GREP=/bin/grep
ac_cv_path_SED=/bin/sed
ac_cv_path_install='/usr/bin/install -c'
ac_cv_path_lt_DD=/bin/dd
ac_cv_path_mkdir=/bin/mkdir
ac_cv_prog_AWK=gawk
ac_cv_prog_CPP='gcc -E'
ac_cv_prog_CXXCPP='g++ -E'
ac_cv_prog_ac_ct_AR=ar
ac_cv_prog_ac_ct_CC=gcc
ac_cv_prog_ac_ct_CXX=g++
ac_cv_prog_ac_ct_MANIFEST_TOOL=mt
ac_cv_prog_ac_ct_OBJDUMP=objdump
ac_cv_prog_ac_ct_RANLIB=ranlib
ac_cv_prog_ac_ct_STRIP=strip
ac_cv_prog_cc_c89=
ac_cv_prog_cc_g=yes
ac_cv_prog_cxx_g=yes
ac_cv_prog_make_make_set=yes
am_cv_CC_dependencies_compiler_type=gcc3
am_cv_CXX_dependencies_compiler_type=gcc3
am_cv_make_support_nested_variables=yes
am_cv_prog_cc_c_o=yes
lt_cv_ar_at_file=@
lt_cv_archive_cmds_need_lc=no
lt_cv_deplibs_check_method=pass_all
lt_cv_file_magic_cmd='$MAGIC_CMD'
lt_cv_file_magic_test_file=
lt_cv_ld_reload_flag=-r
lt_cv_nm_interface='BSD nm'
lt_cv_objdir=.libs
lt_cv_path_LD=/usr/bin/ld
lt_cv_path_LDCXX='/usr/bin/ld -m elf_x86_64'
lt_cv_path_NM='/usr/bin/nm -B'
lt_cv_path_mainfest_tool=no
lt_cv_prog_compiler_c_o=yes
lt_cv_prog_compiler_c_o_CXX=yes
lt_cv_prog_compiler_pic='-fPIC -DPIC'
lt_cv_prog_compiler_pic_CXX='-fPIC -DPIC'
lt_cv_prog_compiler_pic_works=yes
lt_cv_prog_compiler_pic_works_CXX=yes
lt_cv_prog_compiler_rtti_exceptions=no
lt_cv_prog_compiler_static_works=yes
lt_cv_prog_compiler_static_works_CXX=yes
lt_cv_prog_gnu_ld=yes
lt_cv_prog_gnu_ldcxx=yes
lt_cv_sharedlib_from_linklib_cmd='printf %s\n'
lt_cv_shlibpath_overrides_runpath=yes
lt_cv_sys_global_symbol_pipe='sed -n -e '\''s/^.*[	 ]\([ABCDGIRSTW][ABCDGIRSTW]*\)[	 ][	 ]*\([_A-Za-z][_A-Za-z0-9]*\)$/\1 \2 \2/p'\'' | sed '\''/ __gnu_lto/d'\'''
lt_cv_sys_global_symbol_to_c_name_address='sed -n -e '\''s/^: \(.*\) .*$/  {"\1", (void *) 0},/p'\'' -e '\''s/^[ABCDGIRSTW][ABCDGIRSTW]* .* \(.*\)$/  {"\1", (void *) \&\1},/p'\'''
lt_cv_sys_global_symbol_to_c_name_address_lib_prefix='sed -n -e '\''s/^: \(.*\) .*$/  {"\1", (void *) 0},/p'\'' -e '\''s/^[ABCDGIRSTW][ABCDGIRSTW]* .* \(lib.*\)$/  {"\1", (void *) \&\1},/p'\'' -e '\''s/^[ABCDGIRSTW][ABCDGIRSTW]* .* \(.*\)$/  {"lib\1", (void *) \&\1},/p'\'''
lt_cv_sys_global_symbol_to_cdecl='sed -n -e '\''s/^T .* \(.*\)$/extern int \1();/p'\'' -e '\''s/^[ABCDGIRSTW][ABCDGIRSTW]* .* \(.*\)$/extern char \1;/p'\'''
lt_cv_sys_global_symbol_to_import=
lt_cv_sys_max_cmd_len=1572864
lt_cv_to_host_file_cmd=func_convert_file_noop
lt_cv_to_tool_file_cmd=func_convert_file_noop
lt_cv_truncate_bin='/bin/dd bs=4096 count=1'

## ----------------- ##
## Output variables. ##
## ----------------- ##

ACLOCAL='${SHELL} /home/jonathan/Applications/topcom/missing aclocal-1.16'
AMDEPBACKSLASH='\'
AMDEP_FALSE='#'
AMDEP_TRUE=''
AMTAR='$${TAR-tar}'
AM_BACKSLASH='\'
AM_DEFAULT_V='$(AM_DEFAULT_VERBOSITY)'
AM_DEFAULT_VERBOSITY='1'
AM_V='$(V)'
AR='ar'
AUTOCONF='${SHELL} /home/jonathan/Applications/topcom/missing autoconf'
AUTOHEADER='${SHELL} /home/jonathan/Applications/topcom/missing autoheader'
AUTOMAKE='${SHELL} /home/jonathan/Applications/topcom/missing automake-1.16'
AWK='gawk'
CC='gcc'
CCDEPMODE='depmode=gcc3'
CDDLIB_CFLAGS=''
CDDLIB_LIBS=''
CFLAGS='-march=native -O3'
CPP='gcc -E'
CPPFLAGS=''
CXX='g++'
CXXCPP='g++ -E'
CXXDEPMODE='depmode=gcc3'
CXXFLAGS='-g -O2'
CYGPATH_W='echo'
DEFS='-DPACKAGE_NAME=\"TOPCOM\" -DPACKAGE_TARNAME=\"topcom\" -DPACKAGE_VERSION=\"0.17.8\" -DPACKAGE_STRING=\"TOPCOM\ 0.17.8\" -DPACKAGE_BUGREPORT=\"\" -DPACKAGE_URL=\"\" -DPACKAGE=\"topcom\" -DVERSION=\"0.17.8\" -DSTDC_HEADERS=1 -DHAVE_SYS_TYPES_H=1 -DHAVE_SYS_STAT_H=1 -DHAVE_STDLIB_H=1 -DHAVE_STRING_H=1 -DHAVE_MEMORY_H=1 -DHAVE_STRINGS_H=1 -DHAVE_INTTYPES_H=1 -DHAVE_STDINT_H=1 -DHAVE_UNISTD_H=1 -DHAVE_DLFCN_H=1 -DLT_OBJDIR=\".libs/\" -DSTDC_HEADERS=1 -DHAVE_LIBGMP=1'
DEPDIR='.deps'
DLLTOOL='false'
DSYMUTIL=''
DUMPBIN=''
ECHO_C=''
ECHO_N='-n'
ECHO_T=''
EGREP='/bin/grep -E'
EXEEXT=''
FGREP='/bin/grep -F'
GMP_CFLAGS=''
GMP_LIBS=' -lgmp -lgmpxx'
GREP='/bin/grep'
HAVE_CDDLIB_FALSE=''
HAVE_CDDLIB_TRUE='#'
INSTALL_DATA='${INSTALL} -m 644'
INSTALL_PROGRAM='${INSTALL}'
INSTALL_SCRIPT='${INSTALL}'
INSTALL_STRIP_PROGRAM='$(install_sh) -c -s'
LD='/usr/bin/ld -m elf_x86_64'
LDFLAGS=''
LIBOBJS=''
LIBS='-lgmp '
LIBTOOL='$(SHELL) $(top_builddir)/libtool'
LIPO=''
LN_S='ln -s'
LTLIBOBJS=''
LT_SYS_LIBRARY_PATH=''
MAKEINFO='${SHELL} /home/jonathan/Applications/topcom/missing makeinfo'
MANIFEST_TOOL=':'
MKDIR_P='/bin/mkdir -p'
NM='/usr/bin/nm -B'
NMEDIT=''
OBJDUMP='objdump'
OBJEXT='o'
OTOOL64=''
OTOOL=''
PACKAGE='topcom'
PACKAGE_BUGREPORT=''
PACKAGE_NAME='TOPCOM'
PACKAGE_STRING='TOPCOM 0.17.8'
PACKAGE_TARNAME='topcom'
PACKAGE_URL=''
PACKAGE_VERSION='0.17.8'
PATH_SEPARATOR=':'
RANLIB='ranlib'
SED='/bin/sed'
SET_MAKE=''
SHELL='/bin/bash'
STRIP='strip'
VERSION='0.17.8'
ac_ct_AR='ar'
ac_ct_CC='gcc'
ac_ct_CXX='g++'
ac_ct_DUMPBIN=''
am__EXEEXT_FALSE=''
am__EXEEXT_TRUE='#'
am__fastdepCC_FALSE='#'
am__fastdepCC_TRUE=''
am__fastdepCXX_FALSE='#'
am__fastdepCXX_TRUE=''
am__include='include'
am__isrc=''
am__leading_dot='.'
am__nodep='_no'
am__quote=''
am__tar='$${TAR-tar} chof - "$$tardir"'
am__untar='$${TAR-tar} xf -'
bindir='${exec_prefix}/bin'
build='x86_64-pc-linux-gnu'
build_alias=''
build_cpu='x86_64'
build_os='linux-gnu'
build_vendor='pc'
datadir='${datarootdir}'
datarootdir='${prefix}/share'
docdir='${datarootdir}/doc/${PACKAGE_TARNAME}'
dvidir='${docdir}'
exec_prefix='${prefix}'
host='x86_64-pc-linux-gnu'
host_alias=''
host_cpu='x86_64'
host_os='linux-gnu'
host_vendor='pc'
htmldir='${docdir}'
includedir='${prefix}/include'
infodir='${datarootdir}/info'
install_sh='${SHELL} /home/jonathan/Applications/topcom/install-sh'
libdir='${exec_prefix}/lib'
libexecdir='${exec_prefix}/libexec'
localedir='${datarootdir}/locale'
localstatedir='${prefix}/var'
mandir='${datarootdir}/man'
mkdir_p='$(MKDIR_P)'
oldincludedir='/usr/include'
pdfdir='${docdir}'
prefix='/usr/local'
program_transform_name='s,x,x,'
psdir='${docdir}'
runstatedir='${localstatedir}/run'
sbindir='${exec_prefix}/sbin'
sharedstatedir='${prefix}/com'
sysconfdir='${prefix}/etc'
target_alias=''

## ----------- ##
## confdefs.h. ##
## ----------- ##

/* confdefs.h */
#define PACKAGE_NAME "TOPCOM"
#define PACKAGE_TARNAME "topcom"
#define PACKAGE_VERSION "0.17.8"
#define PACKAGE_STRING "TOPCOM 0.17.8"
#define PACKAGE_BUGREPORT ""
#define PACKAGE_URL ""
#define PACKAGE "topcom"
#define VERSION "0.17.8"
#define STDC_HEADERS 1
#define HAVE_SYS_TYPES_H 1
#define HAVE_SYS_STAT_H 1
#define HAVE_STDLIB_H 1
#define HAVE_STRING_H 1
#define HAVE_MEMORY_H 1
#define HAVE_STRINGS_H 1
#define HAVE_INTTYPES_H 1
#define HAVE_STDINT_H 1
#define HAVE_UNISTD_H 1
#define HAVE_DLFCN_H 1
#define LT_OBJDIR ".libs/"
#define STDC_HEADERS 1
#define HAVE_LIBGMP 1

configure: exit 0
